<?xml version="1.0" encoding="UTF-8"?>
<!-- Generated by org.testng.reporters.JUnitReportReporter -->
<testsuite hostname="JVBRRR" failures="0" tests="2" name="practice.AddToCartTest" time="0.012" errors="0" timestamp="2022-09-15T08:47:41 IST" skipped="0">
  <testcase classname="practice.AddToCartTest" name="removeFromCartTest" time="0.001"/>
  <system-out/>
  <testcase classname="practice.AddToCartTest" name="addToCartTest" time="0.011"/>
  <system-out/>
</testsuite> <!-- practice.AddToCartTest -->
