<?xml version="1.0" encoding="UTF-8"?>
<!-- Generated by org.testng.reporters.JUnitReportReporter -->
<testsuite hostname="JVBRRR" failures="0" tests="1" name="practice.AddToCartTest" time="0.010" errors="0" timestamp="2022-09-15T09:10:41 IST" skipped="0">
  <testcase classname="practice.AddToCartTest" name="removeFromCartTest" time="0.010"/>
  <system-out/>
</testsuite> <!-- practice.AddToCartTest -->
